<?xml version="1.0" encoding="UTF-8"?>
<testsuite xmlns:xsi="http://www.w3.org/2001/XMLSchema-instance" xsi:noNamespaceSchemaLocation="https://maven.apache.org/surefire/maven-surefire-plugin/xsd/surefire-test-report-3.0.xsd" version="3.0" name="TestSuite" time="2.987" tests="3" errors="0" skipped="0" failures="0">
  <properties>
[...]
</properties>
  <testcase name="test1" classname="listeners.Main" time="0.014">
    <system-out><![CDATA[Test Started  : test1
I am test 1
]]></system-out>
    <system-err><![CDATA[SLF4J: No SLF4J providers were found.
SLF4J: Defaulting to no-operation (NOP) logger implementation
SLF4J: See https://www.slf4j.org/codes.html#noProviders for further details.
]]></system-err>
  </testcase>
  <testcase name="test2" classname="listeners.Main" time="0">
    <system-out><![CDATA[Test is successfull : test1
Test Started  : test2
I am test 2
]]></system-out>
  </testcase>
  <testcase name="test3" classname="listeners.Main" time="0">
    <system-out><![CDATA[Test is successfull : test2
Test Started  : test3
I am test 3
]]></system-out>
  </testcase>
</testsuite>