<?xml version="1.0" encoding="UTF-8"?>
<testng-results ignored="0" total="3" passed="3" failed="0" skipped="0">
  <reporter-output>
  </reporter-output>
  <suite started-at="2023-05-18T10:09:08 GMT+02:00" name="All Test Suite" finished-at="2023-05-18T10:09:08 GMT+02:00" duration-ms="104">
    <groups>
    </groups>
    <test started-at="2023-05-18T10:09:08 GMT+02:00" name="C:/SeleniumTesting/" finished-at="2023-05-18T10:09:08 GMT+02:00" duration-ms="104">
      <class name="listeners.Main">
        <test-method signature="test1()[pri:0, instance:listeners.Main@7dc19a70]" started-at="2023-05-18T10:09:08 GMT+02:00" name="test1" finished-at="2023-05-18T10:09:08 GMT+02:00" duration-ms="8" status="PASS">
          <reporter-output>
          </reporter-output>
        </test-method> <!-- test1 -->
        <test-method signature="test2()[pri:0, instance:listeners.Main@7dc19a70]" started-at="2023-05-18T10:09:08 GMT+02:00" name="test2" finished-at="2023-05-18T10:09:08 GMT+02:00" duration-ms="1" status="PASS">
          <reporter-output>
          </reporter-output>
        </test-method> <!-- test2 -->
        <test-method signature="test3()[pri:0, instance:listeners.Main@7dc19a70]" started-at="2023-05-18T10:09:08 GMT+02:00" name="test3" finished-at="2023-05-18T10:09:08 GMT+02:00" duration-ms="1" status="PASS">
          <reporter-output>
          </reporter-output>
        </test-method> <!-- test3 -->
      </class> <!-- listeners.Main -->
    </test> <!-- C:/SeleniumTesting/ -->
  </suite> <!-- All Test Suite -->
</testng-results>
