<?xml version="1.0" encoding="UTF-8"?>
<testng-results ignored="0" total="1" passed="1" failed="0" skipped="0">
  <reporter-output>
  </reporter-output>
  <suite started-at="2023-05-10T13:58:43 GMT+02:00" name="Default Suite" finished-at="2023-05-10T13:59:04 GMT+02:00" duration-ms="21090">
    <groups>
    </groups>
    <test started-at="2023-05-10T13:58:43 GMT+02:00" name="SeleniumTesting" finished-at="2023-05-10T13:59:04 GMT+02:00" duration-ms="21090">
      <class name="POMTests.POM_TestCase_1_RegisterUser">
        <test-method is-config="true" signature="setUp()[pri:0, instance:POMTests.POM_TestCase_1_RegisterUser@25641d39]" started-at="2023-05-10T13:58:43 GMT+02:00" name="setUp" finished-at="2023-05-10T13:58:47 GMT+02:00" duration-ms="4117" status="PASS">
          <reporter-output>
          </reporter-output>
        </test-method> <!-- setUp -->
        <test-method signature="test()[pri:0, instance:POMTests.POM_TestCase_1_RegisterUser@25641d39]" started-at="2023-05-10T13:58:47 GMT+02:00" name="test" finished-at="2023-05-10T13:59:03 GMT+02:00" duration-ms="15664" status="PASS">
          <reporter-output>
          </reporter-output>
        </test-method> <!-- test -->
        <test-method is-config="true" signature="tearDown()[pri:0, instance:POMTests.POM_TestCase_1_RegisterUser@25641d39]" started-at="2023-05-10T13:59:03 GMT+02:00" name="tearDown" finished-at="2023-05-10T13:59:04 GMT+02:00" duration-ms="988" status="PASS">
          <reporter-output>
          </reporter-output>
        </test-method> <!-- tearDown -->
      </class> <!-- POMTests.POM_TestCase_1_RegisterUser -->
    </test> <!-- SeleniumTesting -->
  </suite> <!-- Default Suite -->
</testng-results>
